<?xml version="1.0" encoding="UTF-8"?>
<!-- Generated by org.testng.reporters.JUnitReportReporter -->
<testsuite hostname="IN-PG0352C7" failures="0" tests="1" name="tests.test1" time="2.093" errors="0" timestamp="2024-04-17T12:51:19 IST" skipped="0">
  <testcase classname="tests.test1" name="test_11" time="2.093"/>
  <system-out/>
</testsuite> <!-- tests.test1 -->
