<?xml version="1.0" encoding="UTF-8"?>
<!-- Generated by org.testng.reporters.JUnitReportReporter -->
<testsuite hostname="IN-PG0352C7" failures="0" tests="1" name="tests.GET_CardDetails" time="0.444" errors="0" timestamp="2024-04-17T21:31:48 IST" skipped="0">
  <testcase classname="tests.GET_CardDetails" name="GetCardDetails" time="0.444"/>
  <system-out/>
</testsuite> <!-- tests.GET_CardDetails -->
