<?xml version="1.0" encoding="UTF-8"?>
<!-- Generated by org.testng.reporters.JUnitReportReporter -->
<testsuite hostname="IN-PG0352C7" failures="0" tests="1" name="tests.Post_CreateNewCard" time="0.528" errors="0" timestamp="2024-04-17T21:31:48 IST" skipped="0">
  <testcase classname="tests.Post_CreateNewCard" name="CreateNewCard" time="0.528"/>
  <system-out/>
</testsuite> <!-- tests.Post_CreateNewCard -->
