<?xml version="1.0" encoding="UTF-8"?>
<!-- Generated by org.testng.reporters.JUnitReportReporter -->
<testsuite hostname="IN-PG0352C7" failures="0" tests="1" name="tests.PUT_UpdateDetailsOfCard" time="1.780" errors="0" timestamp="2024-04-17T21:31:48 IST" skipped="0">
  <testcase classname="tests.PUT_UpdateDetailsOfCard" name="UpdateTheCard" time="1.780"/>
  <system-out/>
</testsuite> <!-- tests.PUT_UpdateDetailsOfCard -->
